{
  "stats": {
    "suites": 2,
    "tests": 9,
    "passes": 9,
    "pending": 0,
    "failures": 0,
    "start": "2022-02-13T20:19:48.043Z",
    "end": "2022-02-13T20:20:36.927Z",
    "duration": 39365,
    "testsRegistered": 9,
    "passPercent": 100,
    "pendingPercent": 0,
    "other": 0,
    "hasOther": false,
    "skipped": 0,
    "hasSkipped": false
  },
  "results": [
    {
      "uuid": "35c23650-cd4b-4490-9516-46b9ba268bc9",
      "title": "",
      "fullFile": "cypress/integration/tests/homepagetest.spec.ts",
      "file": "cypress/integration/tests/homepagetest.spec.ts",
      "beforeHooks": [],
      "afterHooks": [],
      "tests": [],
      "suites": [
        {
          "uuid": "1a432562-783a-492f-87c9-7b2d5aaa5de5",
          "title": "Home page test",
          "fullFile": "",
          "file": "",
          "beforeHooks": [],
          "afterHooks": [],
          "tests": [
            {
              "title": "Verify the home page header text",
              "fullTitle": "Home page test Verify the home page header text",
              "timedOut": null,
              "duration": 7169,
              "state": "passed",
              "speed": "medium",
              "pass": true,
              "fail": false,
              "pending": false,
              "context": null,
              "code": "home.verifyHeader();",
              "err": {},
              "uuid": "554189bd-4ec5-43e6-aee1-2529df631751",
              "parentUUID": "1a432562-783a-492f-87c9-7b2d5aaa5de5",
              "isHook": false,
              "skipped": false
            },
            {
              "title": "Click on women and verify the title",
              "fullTitle": "Home page test Click on women and verify the title",
              "timedOut": null,
              "duration": 6647,
              "state": "passed",
              "speed": "medium",
              "pass": true,
              "fail": false,
              "pending": false,
              "context": null,
              "code": "home.clickOnWomen();",
              "err": {},
              "uuid": "358daa36-7832-44cd-b1fb-6e2b0090dc13",
              "parentUUID": "1a432562-783a-492f-87c9-7b2d5aaa5de5",
              "isHook": false,
              "skipped": false
            },
            {
              "title": "Click on dresses and verify the title",
              "fullTitle": "Home page test Click on dresses and verify the title",
              "timedOut": null,
              "duration": 7708,
              "state": "passed",
              "speed": "medium",
              "pass": true,
              "fail": false,
              "pending": false,
              "context": null,
              "code": "home.clickOneDresses();",
              "err": {},
              "uuid": "2e712f85-f29b-4c39-8f1c-2efbdbc3764a",
              "parentUUID": "1a432562-783a-492f-87c9-7b2d5aaa5de5",
              "isHook": false,
              "skipped": false
            },
            {
              "title": "Click on t-shirts and verify the title",
              "fullTitle": "Home page test Click on t-shirts and verify the title",
              "timedOut": null,
              "duration": 4250,
              "state": "passed",
              "speed": "fast",
              "pass": true,
              "fail": false,
              "pending": false,
              "context": null,
              "code": "home.clickOnTshirts();",
              "err": {},
              "uuid": "327e4628-d46f-4973-9ffc-47ef4333eb32",
              "parentUUID": "1a432562-783a-492f-87c9-7b2d5aaa5de5",
              "isHook": false,
              "skipped": false
            },
            {
              "title": "Verify the home page products",
              "fullTitle": "Home page test Verify the home page products",
              "timedOut": null,
              "duration": 1813,
              "state": "passed",
              "speed": "fast",
              "pass": true,
              "fail": false,
              "pending": false,
              "context": null,
              "code": "home.verifyHomePageProduct();",
              "err": {},
              "uuid": "55f6a58c-21d7-4c53-8595-395fae908e4f",
              "parentUUID": "1a432562-783a-492f-87c9-7b2d5aaa5de5",
              "isHook": false,
              "skipped": false
            }
          ],
          "suites": [],
          "passes": [
            "554189bd-4ec5-43e6-aee1-2529df631751",
            "358daa36-7832-44cd-b1fb-6e2b0090dc13",
            "2e712f85-f29b-4c39-8f1c-2efbdbc3764a",
            "327e4628-d46f-4973-9ffc-47ef4333eb32",
            "55f6a58c-21d7-4c53-8595-395fae908e4f"
          ],
          "failures": [],
          "pending": [],
          "skipped": [],
          "duration": 27587,
          "root": false,
          "rootEmpty": false,
          "_timeout": 2000
        }
      ],
      "passes": [],
      "failures": [],
      "pending": [],
      "skipped": [],
      "duration": 0,
      "root": true,
      "rootEmpty": true,
      "_timeout": 2000
    },
    {
      "uuid": "f981a6d9-1555-49d3-924a-2a0d8dc529f5",
      "title": "",
      "fullFile": "cypress/integration/tests/womenpage.spec.ts",
      "file": "cypress/integration/tests/womenpage.spec.ts",
      "beforeHooks": [],
      "afterHooks": [],
      "tests": [],
      "suites": [
        {
          "uuid": "5b2dd0db-42f9-4c37-b024-1774b54398d0",
          "title": "Women page test",
          "fullFile": "",
          "file": "",
          "beforeHooks": [],
          "afterHooks": [],
          "tests": [
            {
              "title": "Click on women and verify the title",
              "fullTitle": "Women page test Click on women and verify the title",
              "timedOut": null,
              "duration": 11543,
              "state": "passed",
              "speed": "slow",
              "pass": true,
              "fail": false,
              "pending": false,
              "context": null,
              "code": "women.clickOnWomen();",
              "err": {},
              "uuid": "14401273-37c4-489d-82f1-f952e36f7411",
              "parentUUID": "5b2dd0db-42f9-4c37-b024-1774b54398d0",
              "isHook": false,
              "skipped": false
            },
            {
              "title": "Verify women page title",
              "fullTitle": "Women page test Verify women page title",
              "timedOut": null,
              "duration": 83,
              "state": "passed",
              "speed": "fast",
              "pass": true,
              "fail": false,
              "pending": false,
              "context": null,
              "code": "women.verifyWomenPageTitle();",
              "err": {},
              "uuid": "781aecea-792a-4008-8655-9b285111708b",
              "parentUUID": "5b2dd0db-42f9-4c37-b024-1774b54398d0",
              "isHook": false,
              "skipped": false
            },
            {
              "title": "Verify women page logo",
              "fullTitle": "Women page test Verify women page logo",
              "timedOut": null,
              "duration": 48,
              "state": "passed",
              "speed": "fast",
              "pass": true,
              "fail": false,
              "pending": false,
              "context": null,
              "code": "women.womenLogoVisible();",
              "err": {},
              "uuid": "09c96169-9afe-41f8-8106-e806eff804de",
              "parentUUID": "5b2dd0db-42f9-4c37-b024-1774b54398d0",
              "isHook": false,
              "skipped": false
            },
            {
              "title": "Verify women page products",
              "fullTitle": "Women page test Verify women page products",
              "timedOut": null,
              "duration": 104,
              "state": "passed",
              "speed": "fast",
              "pass": true,
              "fail": false,
              "pending": false,
              "context": null,
              "code": "women.verifyWomenpageProducts();",
              "err": {},
              "uuid": "cbba9b51-b4ee-4a79-8031-6f132b3fc4a4",
              "parentUUID": "5b2dd0db-42f9-4c37-b024-1774b54398d0",
              "isHook": false,
              "skipped": false
            }
          ],
          "suites": [],
          "passes": [
            "14401273-37c4-489d-82f1-f952e36f7411",
            "781aecea-792a-4008-8655-9b285111708b",
            "09c96169-9afe-41f8-8106-e806eff804de",
            "cbba9b51-b4ee-4a79-8031-6f132b3fc4a4"
          ],
          "failures": [],
          "pending": [],
          "skipped": [],
          "duration": 11778,
          "root": false,
          "rootEmpty": false,
          "_timeout": 2000
        }
      ],
      "passes": [],
      "failures": [],
      "pending": [],
      "skipped": [],
      "duration": 0,
      "root": true,
      "rootEmpty": true,
      "_timeout": 2000
    }
  ],
  "meta": {
    "mocha": {
      "version": "7.0.1"
    },
    "mochawesome": {
      "options": {
        "quiet": false,
        "reportFilename": "mochawesome",
        "saveHtml": false,
        "saveJson": true,
        "consoleReporter": "spec",
        "useInlineDiffs": false,
        "code": true
      },
      "version": "7.0.1"
    },
    "marge": {
      "options": {
        "charts": true,
        "overwrite": false,
        "html": false,
        "json": true,
        "reportDir": "cypress/report/mochawesome-report"
      },
      "version": "6.0.1"
    }
  }
}