{
  "stats": {
    "suites": 1,
    "tests": 3,
    "passes": 2,
    "pending": 0,
    "failures": 1,
    "start": "2022-02-14T04:10:26.258Z",
    "end": "2022-02-14T04:10:40.963Z",
    "duration": 14705,
    "testsRegistered": 3,
    "passPercent": 66.66666666666666,
    "pendingPercent": 0,
    "other": 0,
    "hasOther": false,
    "skipped": 0,
    "hasSkipped": false
  },
  "results": [
    {
      "uuid": "bb45cbd3-48ca-4b68-8969-3d3389352af1",
      "title": "",
      "fullFile": "cypress/integration/tests/tshirtpagetest.spec.ts",
      "file": "cypress/integration/tests/tshirtpagetest.spec.ts",
      "beforeHooks": [],
      "afterHooks": [],
      "tests": [],
      "suites": [
        {
          "uuid": "33739213-48ab-4f1a-8f38-c697b842fd59",
          "title": "T-shirt page test",
          "fullFile": "",
          "file": "",
          "beforeHooks": [],
          "afterHooks": [],
          "tests": [
            {
              "title": "click on the t-shirt",
              "fullTitle": "T-shirt page test click on the t-shirt",
              "timedOut": null,
              "duration": 8588,
              "state": "passed",
              "speed": "medium",
              "pass": true,
              "fail": false,
              "pending": false,
              "context": null,
              "code": "tshirt.clickOnTshirt();",
              "err": {},
              "uuid": "25c792d5-7b65-4a0a-ab04-68c6fa76625f",
              "parentUUID": "33739213-48ab-4f1a-8f38-c697b842fd59",
              "isHook": false,
              "skipped": false
            },
            {
              "title": "verify the t-shirt page title",
              "fullTitle": "T-shirt page test verify the t-shirt page title",
              "timedOut": null,
              "duration": 124,
              "state": "passed",
              "speed": "fast",
              "pass": true,
              "fail": false,
              "pending": false,
              "context": null,
              "code": "tshirt.verifyTheTshirtTitle();",
              "err": {},
              "uuid": "757abeba-d2df-412e-b15b-a483852bb0a7",
              "parentUUID": "33739213-48ab-4f1a-8f38-c697b842fd59",
              "isHook": false,
              "skipped": false
            },
            {
              "title": "verify t-shirt page products",
              "fullTitle": "T-shirt page test verify t-shirt page products",
              "timedOut": null,
              "duration": 4334,
              "state": "failed",
              "speed": null,
              "pass": false,
              "fail": true,
              "pending": false,
              "context": null,
              "code": "tshirt.verifyTShirtProduct();",
              "err": {
                "message": "AssertionError: Timed out retrying after 4000ms: expected '<a.product-name>' to contain text undefined, but the text was '\\n\\t\\t\\t\\t\\t\\t\\tFaded Short Sleeve T-shirts\\n\\t\\t\\t\\t\\t\\t'",
                "estack": "AssertionError: Timed out retrying after 4000ms: expected '<a.product-name>' to contain text undefined, but the text was '\\n\\t\\t\\t\\t\\t\\t\\tFaded Short Sleeve T-shirts\\n\\t\\t\\t\\t\\t\\t'\n    at Context.eval (http://automationpractice.com/__cypress/tests?p=cypress/integration/tests/tshirtpagetest.spec.ts:115:26)",
                "diff": null
              },
              "uuid": "32be151b-5246-4d2d-b0d3-d461e60c1e63",
              "parentUUID": "33739213-48ab-4f1a-8f38-c697b842fd59",
              "isHook": false,
              "skipped": false
            }
          ],
          "suites": [],
          "passes": [
            "25c792d5-7b65-4a0a-ab04-68c6fa76625f",
            "757abeba-d2df-412e-b15b-a483852bb0a7"
          ],
          "failures": [
            "32be151b-5246-4d2d-b0d3-d461e60c1e63"
          ],
          "pending": [],
          "skipped": [],
          "duration": 13046,
          "root": false,
          "rootEmpty": false,
          "_timeout": 2000
        }
      ],
      "passes": [],
      "failures": [],
      "pending": [],
      "skipped": [],
      "duration": 0,
      "root": true,
      "rootEmpty": true,
      "_timeout": 2000
    }
  ],
  "meta": {
    "mocha": {
      "version": "7.0.1"
    },
    "mochawesome": {
      "options": {
        "quiet": false,
        "reportFilename": "mochawesome",
        "saveHtml": false,
        "saveJson": true,
        "consoleReporter": "spec",
        "useInlineDiffs": false,
        "code": true
      },
      "version": "7.0.1"
    },
    "marge": {
      "options": {
        "charts": true,
        "overwrite": false,
        "html": false,
        "json": true,
        "reportDir": "cypress/report/mochawesome-report"
      },
      "version": "6.0.1"
    }
  }
}