{
  "stats": {
    "suites": 1,
    "tests": 4,
    "passes": 4,
    "pending": 0,
    "failures": 0,
    "start": "2022-02-13T20:20:23.943Z",
    "end": "2022-02-13T20:20:36.927Z",
    "duration": 12984,
    "testsRegistered": 4,
    "passPercent": 100,
    "pendingPercent": 0,
    "other": 0,
    "hasOther": false,
    "skipped": 0,
    "hasSkipped": false
  },
  "results": [
    {
      "uuid": "f981a6d9-1555-49d3-924a-2a0d8dc529f5",
      "title": "",
      "fullFile": "cypress/integration/tests/womenpage.spec.ts",
      "file": "cypress/integration/tests/womenpage.spec.ts",
      "beforeHooks": [],
      "afterHooks": [],
      "tests": [],
      "suites": [
        {
          "uuid": "5b2dd0db-42f9-4c37-b024-1774b54398d0",
          "title": "Women page test",
          "fullFile": "",
          "file": "",
          "beforeHooks": [],
          "afterHooks": [],
          "tests": [
            {
              "title": "Click on women and verify the title",
              "fullTitle": "Women page test Click on women and verify the title",
              "timedOut": null,
              "duration": 11543,
              "state": "passed",
              "speed": "slow",
              "pass": true,
              "fail": false,
              "pending": false,
              "context": null,
              "code": "women.clickOnWomen();",
              "err": {},
              "uuid": "14401273-37c4-489d-82f1-f952e36f7411",
              "parentUUID": "5b2dd0db-42f9-4c37-b024-1774b54398d0",
              "isHook": false,
              "skipped": false
            },
            {
              "title": "Verify women page title",
              "fullTitle": "Women page test Verify women page title",
              "timedOut": null,
              "duration": 83,
              "state": "passed",
              "speed": "fast",
              "pass": true,
              "fail": false,
              "pending": false,
              "context": null,
              "code": "women.verifyWomenPageTitle();",
              "err": {},
              "uuid": "781aecea-792a-4008-8655-9b285111708b",
              "parentUUID": "5b2dd0db-42f9-4c37-b024-1774b54398d0",
              "isHook": false,
              "skipped": false
            },
            {
              "title": "Verify women page logo",
              "fullTitle": "Women page test Verify women page logo",
              "timedOut": null,
              "duration": 48,
              "state": "passed",
              "speed": "fast",
              "pass": true,
              "fail": false,
              "pending": false,
              "context": null,
              "code": "women.womenLogoVisible();",
              "err": {},
              "uuid": "09c96169-9afe-41f8-8106-e806eff804de",
              "parentUUID": "5b2dd0db-42f9-4c37-b024-1774b54398d0",
              "isHook": false,
              "skipped": false
            },
            {
              "title": "Verify women page products",
              "fullTitle": "Women page test Verify women page products",
              "timedOut": null,
              "duration": 104,
              "state": "passed",
              "speed": "fast",
              "pass": true,
              "fail": false,
              "pending": false,
              "context": null,
              "code": "women.verifyWomenpageProducts();",
              "err": {},
              "uuid": "cbba9b51-b4ee-4a79-8031-6f132b3fc4a4",
              "parentUUID": "5b2dd0db-42f9-4c37-b024-1774b54398d0",
              "isHook": false,
              "skipped": false
            }
          ],
          "suites": [],
          "passes": [
            "14401273-37c4-489d-82f1-f952e36f7411",
            "781aecea-792a-4008-8655-9b285111708b",
            "09c96169-9afe-41f8-8106-e806eff804de",
            "cbba9b51-b4ee-4a79-8031-6f132b3fc4a4"
          ],
          "failures": [],
          "pending": [],
          "skipped": [],
          "duration": 11778,
          "root": false,
          "rootEmpty": false,
          "_timeout": 2000
        }
      ],
      "passes": [],
      "failures": [],
      "pending": [],
      "skipped": [],
      "duration": 0,
      "root": true,
      "rootEmpty": true,
      "_timeout": 2000
    }
  ],
  "meta": {
    "mocha": {
      "version": "7.0.1"
    },
    "mochawesome": {
      "options": {
        "quiet": false,
        "reportFilename": "mochawesome",
        "saveHtml": false,
        "saveJson": true,
        "consoleReporter": "spec",
        "useInlineDiffs": false,
        "code": true
      },
      "version": "7.0.1"
    },
    "marge": {
      "options": {
        "charts": true,
        "overwrite": false,
        "html": false,
        "json": true,
        "reportDir": "cypress/report/mochawesome-report"
      },
      "version": "6.0.1"
    }
  }
}