{
  "stats": {
    "suites": 1,
    "tests": 3,
    "passes": 1,
    "pending": 0,
    "failures": 2,
    "start": "2022-02-14T03:58:16.401Z",
    "end": "2022-02-14T03:58:35.611Z",
    "duration": 19210,
    "testsRegistered": 3,
    "passPercent": 33.33333333333333,
    "pendingPercent": 0,
    "other": 0,
    "hasOther": false,
    "skipped": 0,
    "hasSkipped": false
  },
  "results": [
    {
      "uuid": "f3053b4f-6ab9-4e2c-a7e3-cc290c135d9f",
      "title": "",
      "fullFile": "cypress/integration/tests/tshirtpagetest.spec.ts",
      "file": "cypress/integration/tests/tshirtpagetest.spec.ts",
      "beforeHooks": [],
      "afterHooks": [],
      "tests": [],
      "suites": [
        {
          "uuid": "ebbc6f8f-20f7-43f1-a5ec-b71ad7893799",
          "title": "T-shirt page test",
          "fullFile": "",
          "file": "",
          "beforeHooks": [],
          "afterHooks": [],
          "tests": [
            {
              "title": "click on the t-shirt",
              "fullTitle": "T-shirt page test click on the t-shirt",
              "timedOut": null,
              "duration": 9147,
              "state": "passed",
              "speed": "medium",
              "pass": true,
              "fail": false,
              "pending": false,
              "context": null,
              "code": "tshirt.clickOnTshirt();",
              "err": {},
              "uuid": "7e6b81f8-05c5-43da-b036-f9d8ad15cafa",
              "parentUUID": "ebbc6f8f-20f7-43f1-a5ec-b71ad7893799",
              "isHook": false,
              "skipped": false
            },
            {
              "title": "verify the t-shirt page title",
              "fullTitle": "T-shirt page test verify the t-shirt page title",
              "timedOut": null,
              "duration": 4392,
              "state": "failed",
              "speed": null,
              "pass": false,
              "fail": true,
              "pending": false,
              "context": null,
              "code": "tshirt.verifyTheTshirtTitle();",
              "err": {
                "message": "AssertionError: Timed out retrying after 4000ms: expected 'My Store' to include 'T-Shirt'",
                "estack": "AssertionError: Timed out retrying after 4000ms: expected 'My Store' to include 'T-Shirt'\n    at tshirtpage../cypress/pageobjectmodel/tshirtpage.ts.tshirtpage.verifyTheTshirtTitle (http://automationpractice.com/__cypress/tests?p=cypress/integration/tests/tshirtpagetest.spec.ts:203:20)\n    at Context.eval (http://automationpractice.com/__cypress/tests?p=cypress/integration/tests/tshirtpagetest.spec.ts:146:16)",
                "diff": null
              },
              "uuid": "105b2bd8-8419-40f6-9642-cf3f39bc30f7",
              "parentUUID": "ebbc6f8f-20f7-43f1-a5ec-b71ad7893799",
              "isHook": false,
              "skipped": false
            },
            {
              "title": "verify t-shirt page products",
              "fullTitle": "T-shirt page test verify t-shirt page products",
              "timedOut": null,
              "duration": 4324,
              "state": "failed",
              "speed": null,
              "pass": false,
              "fail": true,
              "pending": false,
              "context": null,
              "code": "tshirt.verifyTShirtProduct();",
              "err": {
                "message": "AssertionError: Timed out retrying after 4000ms: expected '<a.product-name>' to contain text undefined, but the text was '\\n\\t\\t\\t\\t\\t\\t\\tFaded Short Sleeve T-shirts\\n\\t\\t\\t\\t\\t\\t'",
                "estack": "AssertionError: Timed out retrying after 4000ms: expected '<a.product-name>' to contain text undefined, but the text was '\\n\\t\\t\\t\\t\\t\\t\\tFaded Short Sleeve T-shirts\\n\\t\\t\\t\\t\\t\\t'\n    at Context.eval (http://automationpractice.com/__cypress/tests?p=cypress/integration/tests/tshirtpagetest.spec.ts:115:26)",
                "diff": null
              },
              "uuid": "36ceea0d-f480-4856-a0e2-873d7cf4e38c",
              "parentUUID": "ebbc6f8f-20f7-43f1-a5ec-b71ad7893799",
              "isHook": false,
              "skipped": false
            }
          ],
          "suites": [],
          "passes": [
            "7e6b81f8-05c5-43da-b036-f9d8ad15cafa"
          ],
          "failures": [
            "105b2bd8-8419-40f6-9642-cf3f39bc30f7",
            "36ceea0d-f480-4856-a0e2-873d7cf4e38c"
          ],
          "pending": [],
          "skipped": [],
          "duration": 17863,
          "root": false,
          "rootEmpty": false,
          "_timeout": 2000
        }
      ],
      "passes": [],
      "failures": [],
      "pending": [],
      "skipped": [],
      "duration": 0,
      "root": true,
      "rootEmpty": true,
      "_timeout": 2000
    }
  ],
  "meta": {
    "mocha": {
      "version": "7.0.1"
    },
    "mochawesome": {
      "options": {
        "quiet": false,
        "reportFilename": "mochawesome",
        "saveHtml": false,
        "saveJson": true,
        "consoleReporter": "spec",
        "useInlineDiffs": false,
        "code": true
      },
      "version": "7.0.1"
    },
    "marge": {
      "options": {
        "charts": true,
        "overwrite": false,
        "html": false,
        "json": true,
        "reportDir": "cypress/report/mochawesome-report"
      },
      "version": "6.0.1"
    }
  }
}