{
  "stats": {
    "suites": 1,
    "tests": 1,
    "passes": 1,
    "pending": 0,
    "failures": 0,
    "start": "2022-02-14T06:11:23.288Z",
    "end": "2022-02-14T06:11:25.828Z",
    "duration": 2540,
    "testsRegistered": 1,
    "passPercent": 100,
    "pendingPercent": 0,
    "other": 0,
    "hasOther": false,
    "skipped": 0,
    "hasSkipped": false
  },
  "results": [
    {
      "uuid": "6c4cc306-bb46-4703-ba9a-228c873ecb01",
      "title": "",
      "fullFile": "cypress/integration/Rest-API-Test/restapt.spec.ts",
      "file": "cypress/integration/Rest-API-Test/restapt.spec.ts",
      "beforeHooks": [],
      "afterHooks": [],
      "tests": [],
      "suites": [
        {
          "uuid": "6f789d46-fc47-43b2-b23e-bca119ca6430",
          "title": "Verify API",
          "fullFile": "",
          "file": "",
          "beforeHooks": [],
          "afterHooks": [],
          "tests": [
            {
              "title": "Printing out the api response body from users",
              "fullTitle": "Verify API Printing out the api response body from users",
              "timedOut": null,
              "duration": 2241,
              "state": "passed",
              "speed": "fast",
              "pass": true,
              "fail": false,
              "pending": false,
              "context": null,
              "code": "cy.request({\n    method: 'GET',\n    url: 'https://gorest.co.in/public/v2/users'\n}).should(function (response) {\n    cy.log(JSON.stringify(response.body));\n});",
              "err": {},
              "uuid": "1c9486e6-2aa6-4f70-811c-b0a7fc51c0f0",
              "parentUUID": "6f789d46-fc47-43b2-b23e-bca119ca6430",
              "isHook": false,
              "skipped": false
            }
          ],
          "suites": [],
          "passes": [
            "1c9486e6-2aa6-4f70-811c-b0a7fc51c0f0"
          ],
          "failures": [],
          "pending": [],
          "skipped": [],
          "duration": 2241,
          "root": false,
          "rootEmpty": false,
          "_timeout": 2000
        }
      ],
      "passes": [],
      "failures": [],
      "pending": [],
      "skipped": [],
      "duration": 0,
      "root": true,
      "rootEmpty": true,
      "_timeout": 2000
    }
  ],
  "meta": {
    "mocha": {
      "version": "7.0.1"
    },
    "mochawesome": {
      "options": {
        "quiet": false,
        "reportFilename": "mochawesome",
        "saveHtml": false,
        "saveJson": true,
        "consoleReporter": "spec",
        "useInlineDiffs": false,
        "code": true
      },
      "version": "7.0.1"
    },
    "marge": {
      "options": {
        "charts": true,
        "overwrite": false,
        "html": false,
        "json": true,
        "reportDir": "cypress/report/mochawesome-report"
      },
      "version": "6.0.1"
    }
  }
}