{
  "stats": {
    "suites": 1,
    "tests": 5,
    "passes": 5,
    "pending": 0,
    "failures": 0,
    "start": "2022-02-14T03:57:49.314Z",
    "end": "2022-02-14T03:58:09.247Z",
    "duration": 19933,
    "testsRegistered": 5,
    "passPercent": 100,
    "pendingPercent": 0,
    "other": 0,
    "hasOther": false,
    "skipped": 0,
    "hasSkipped": false
  },
  "results": [
    {
      "uuid": "e09918bd-ce83-4665-ab44-3b70aa8e1f0d",
      "title": "",
      "fullFile": "cypress/integration/tests/homepagetest.spec.ts",
      "file": "cypress/integration/tests/homepagetest.spec.ts",
      "beforeHooks": [],
      "afterHooks": [],
      "tests": [],
      "suites": [
        {
          "uuid": "9d0fddd6-555d-424b-b545-9cbdea961edc",
          "title": "Home page test",
          "fullFile": "",
          "file": "",
          "beforeHooks": [],
          "afterHooks": [],
          "tests": [
            {
              "title": "Verify the home page header text",
              "fullTitle": "Home page test Verify the home page header text",
              "timedOut": null,
              "duration": 7428,
              "state": "passed",
              "speed": "medium",
              "pass": true,
              "fail": false,
              "pending": false,
              "context": null,
              "code": "home.verifyHeader();",
              "err": {},
              "uuid": "b136622f-9d76-47e3-adcb-b41dc995ac7a",
              "parentUUID": "9d0fddd6-555d-424b-b545-9cbdea961edc",
              "isHook": false,
              "skipped": false
            },
            {
              "title": "Click on women and verify the title",
              "fullTitle": "Home page test Click on women and verify the title",
              "timedOut": null,
              "duration": 4103,
              "state": "passed",
              "speed": "fast",
              "pass": true,
              "fail": false,
              "pending": false,
              "context": null,
              "code": "home.clickOnWomen();",
              "err": {},
              "uuid": "7cd32c87-dc42-4ca1-bb10-f14fac1460ad",
              "parentUUID": "9d0fddd6-555d-424b-b545-9cbdea961edc",
              "isHook": false,
              "skipped": false
            },
            {
              "title": "Click on dresses and verify the title",
              "fullTitle": "Home page test Click on dresses and verify the title",
              "timedOut": null,
              "duration": 3101,
              "state": "passed",
              "speed": "fast",
              "pass": true,
              "fail": false,
              "pending": false,
              "context": null,
              "code": "home.clickOneDresses();",
              "err": {},
              "uuid": "cc73bdaa-6fcb-4800-946a-ef00b2c86d40",
              "parentUUID": "9d0fddd6-555d-424b-b545-9cbdea961edc",
              "isHook": false,
              "skipped": false
            },
            {
              "title": "Click on t-shirts and verify the title",
              "fullTitle": "Home page test Click on t-shirts and verify the title",
              "timedOut": null,
              "duration": 2572,
              "state": "passed",
              "speed": "fast",
              "pass": true,
              "fail": false,
              "pending": false,
              "context": null,
              "code": "home.clickOnTshirts();",
              "err": {},
              "uuid": "df4abef4-9283-437a-a534-d6e3ac447e59",
              "parentUUID": "9d0fddd6-555d-424b-b545-9cbdea961edc",
              "isHook": false,
              "skipped": false
            },
            {
              "title": "Verify the home page products",
              "fullTitle": "Home page test Verify the home page products",
              "timedOut": null,
              "duration": 1790,
              "state": "passed",
              "speed": "fast",
              "pass": true,
              "fail": false,
              "pending": false,
              "context": null,
              "code": "home.verifyHomePageProduct();",
              "err": {},
              "uuid": "d8cd0536-efb3-403a-87a7-2b385aa5695d",
              "parentUUID": "9d0fddd6-555d-424b-b545-9cbdea961edc",
              "isHook": false,
              "skipped": false
            }
          ],
          "suites": [],
          "passes": [
            "b136622f-9d76-47e3-adcb-b41dc995ac7a",
            "7cd32c87-dc42-4ca1-bb10-f14fac1460ad",
            "cc73bdaa-6fcb-4800-946a-ef00b2c86d40",
            "df4abef4-9283-437a-a534-d6e3ac447e59",
            "d8cd0536-efb3-403a-87a7-2b385aa5695d"
          ],
          "failures": [],
          "pending": [],
          "skipped": [],
          "duration": 18994,
          "root": false,
          "rootEmpty": false,
          "_timeout": 2000
        }
      ],
      "passes": [],
      "failures": [],
      "pending": [],
      "skipped": [],
      "duration": 0,
      "root": true,
      "rootEmpty": true,
      "_timeout": 2000
    }
  ],
  "meta": {
    "mocha": {
      "version": "7.0.1"
    },
    "mochawesome": {
      "options": {
        "quiet": false,
        "reportFilename": "mochawesome",
        "saveHtml": false,
        "saveJson": true,
        "consoleReporter": "spec",
        "useInlineDiffs": false,
        "code": true
      },
      "version": "7.0.1"
    },
    "marge": {
      "options": {
        "charts": true,
        "overwrite": false,
        "html": false,
        "json": true,
        "reportDir": "cypress/report/mochawesome-report"
      },
      "version": "6.0.1"
    }
  }
}